<?xml version="1.0" encoding="UTF-8"?>
<!-- Generated by org.testng.reporters.JUnitReportReporter -->
<testsuite hostname="DESKTOP-QT6AUMT" failures="0" tests="1" name="com.parameters.QueryParameterTest" time="3.899" errors="0" timestamp="2022-02-11T13:10:29 IST" skipped="0">
  <testcase classname="com.parameters.QueryParameterTest" name="param" time="3.899"/>
  <system-out/>
</testsuite> <!-- com.parameters.QueryParameterTest -->
