<?xml version="1.0" encoding="UTF-8"?>
<!-- Generated by org.testng.reporters.JUnitReportReporter -->
<testsuite hostname="DESKTOP-QT6AUMT" failures="0" tests="2" name="com.authentication.Authentications" time="2.973" errors="0" timestamp="2022-02-11T17:31:21 IST" skipped="0">
  <testcase classname="com.authentication.Authentications" name="preemptiveAuth" time="0.198"/>
  <system-out/>
  <testcase classname="com.authentication.Authentications" name="digestiveAuth" time="2.775"/>
  <system-out/>
</testsuite> <!-- com.authentication.Authentications -->
