<?xml version="1.0" encoding="UTF-8"?>
<!-- Generated by org.testng.reporters.JUnitReportReporter -->
<testsuite hostname="DESKTOP-QT6AUMT" failures="0" tests="1" name="ResponseVarifaction.StaticResponseVarifaction" time="3.452" errors="0" timestamp="2022-02-10T21:35:48 IST" skipped="0">
  <testcase classname="ResponseVarifaction.StaticResponseVarifaction" name="verify" time="3.452"/>
  <system-out/>
</testsuite> <!-- ResponseVarifaction.StaticResponseVarifaction -->
