<?xml version="1.0" encoding="UTF-8"?>
<!-- Generated by org.testng.reporters.JUnitReportReporter -->
<testsuite hostname="DESKTOP-QT6AUMT" failures="0" tests="1" name="ResponseVarifaction.DynamicResponseValidationTest" time="3.530" errors="0" timestamp="2022-02-10T17:35:05 IST" skipped="0">
  <testcase classname="ResponseVarifaction.DynamicResponseValidationTest" name="verify" time="3.530"/>
  <system-out/>
</testsuite> <!-- ResponseVarifaction.DynamicResponseValidationTest -->
