<?xml version="1.0" encoding="UTF-8"?>
<!-- Generated by org.testng.reporters.JUnitReportReporter -->
<testsuite hostname="DESKTOP-QT6AUMT" failures="0" tests="1" name="com.authentication.Auth2" time="5.357" errors="0" timestamp="2022-02-11T17:14:04 IST" skipped="0">
  <testcase classname="com.authentication.Auth2" name="auths" time="5.357"/>
  <system-out/>
</testsuite> <!-- com.authentication.Auth2 -->
