<?xml version="1.0" encoding="UTF-8"?>
<!-- Generated by org.testng.reporters.JUnitReportReporter -->
<testsuite hostname="DESKTOP-QT6AUMT" failures="0" tests="1" name="Assignment.GetAlltheProjectIDAndValidateWRTDDataBase" time="2.361" errors="0" timestamp="2022-02-12T15:53:06 IST" skipped="0">
  <testcase classname="Assignment.GetAlltheProjectIDAndValidateWRTDDataBase" name="getallprojectid" time="2.361"/>
  <system-out/>
</testsuite> <!-- Assignment.GetAlltheProjectIDAndValidateWRTDDataBase -->
