<?xml version="1.0" encoding="UTF-8"?>
<!-- Generated by org.testng.reporters.JUnitReportReporter -->
<testsuite hostname="DESKTOP-QT6AUMT" failures="0" tests="1" name="Assignment.GetAllProjects" time="2.492" errors="0" timestamp="2022-02-12T16:04:14 IST" skipped="0">
  <testcase classname="Assignment.GetAllProjects" name="getAllProgects" time="2.492"/>
  <system-out/>
</testsuite> <!-- Assignment.GetAllProjects -->
