<?xml version="1.0" encoding="UTF-8"?>
<!-- Generated by org.testng.reporters.JUnitReportReporter -->
<testsuite hostname="DESKTOP-QT6AUMT" failures="0" tests="1" name="com.authentication.BasicAuthTest" time="3.198" errors="0" timestamp="2022-02-11T16:22:04 IST" skipped="0">
  <testcase classname="com.authentication.BasicAuthTest" name="basicAuth" time="3.198"/>
  <system-out/>
</testsuite> <!-- com.authentication.BasicAuthTest -->
