<?xml version="1.0" encoding="UTF-8"?>
<!-- Generated by org.testng.reporters.JUnitReportReporter -->
<testsuite hostname="DESKTOP-QT6AUMT" failures="0" tests="2" name="ResponseVarifaction.CreateByDataProvider" time="3.320" errors="0" timestamp="2022-02-11T18:03:44 IST" skipped="0">
  <testcase classname="ResponseVarifaction.CreateByDataProvider" name="create" time="3.247"/>
  <system-out/>
  <testcase classname="ResponseVarifaction.CreateByDataProvider" name="create" time="0.073"/>
  <system-out/>
</testsuite> <!-- ResponseVarifaction.CreateByDataProvider -->
