<?xml version="1.0" encoding="UTF-8"?>
<!-- Generated by org.testng.reporters.JUnitReportReporter -->
<testsuite hostname="DESKTOP-QT6AUMT" failures="0" tests="1" name="com.requestChaining.RequestChainingTest" time="3.732" errors="0" timestamp="2022-02-11T15:01:49 IST" skipped="0">
  <testcase classname="com.requestChaining.RequestChainingTest" name="chaning" time="3.732"/>
  <system-out/>
</testsuite> <!-- com.requestChaining.RequestChainingTest -->
