<?xml version="1.0" encoding="UTF-8"?>
<!-- Generated by org.testng.reporters.JUnitReportReporter -->
<testsuite hostname="DESKTOP-QT6AUMT" failures="0" tests="1" name="Assignment.CreateProjectAndAllocateUser" time="3.627" errors="0" timestamp="2022-02-12T10:12:35 IST" skipped="0">
  <testcase classname="Assignment.CreateProjectAndAllocateUser" name="createProject" time="3.627"/>
  <system-out/>
</testsuite> <!-- Assignment.CreateProjectAndAllocateUser -->
