<?xml version="1.0" encoding="UTF-8"?>
<!-- Generated by org.testng.reporters.JUnitReportReporter -->
<testsuite hostname="DESKTOP-QT6AUMT" failures="0" tests="1" name="Assignment.AddSingleProjectwithCreatedStatus" time="3.088" errors="0" timestamp="2022-02-12T16:09:49 IST" skipped="0">
  <testcase classname="Assignment.AddSingleProjectwithCreatedStatus" name="createproject" time="3.088"/>
  <system-out/>
</testsuite> <!-- Assignment.AddSingleProjectwithCreatedStatus -->
