<?xml version="1.0" encoding="UTF-8"?>
<!-- Generated by org.testng.reporters.JUnitReportReporter -->
<testsuite hostname="DESKTOP-QT6AUMT" failures="0" tests="1" name="Assignment.ModifyProjectName" time="4.064" errors="0" timestamp="2022-02-12T16:09:11 IST" skipped="0">
  <testcase classname="Assignment.ModifyProjectName" name="update" time="4.064"/>
  <system-out/>
</testsuite> <!-- Assignment.ModifyProjectName -->
