<?xml version="1.0" encoding="UTF-8"?>
<!-- Generated by org.testng.reporters.JUnitReportReporter -->
<testsuite hostname="DESKTOP-QT6AUMT" failures="0" tests="1" name="com.authentication.BearerTokenTest" time="3.439" errors="0" timestamp="2022-02-11T17:21:08 IST" skipped="0">
  <testcase classname="com.authentication.BearerTokenTest" name="bearerAuth" time="3.439"/>
  <system-out/>
</testsuite> <!-- com.authentication.BearerTokenTest -->
