<?xml version="1.0" encoding="UTF-8"?>
<!-- Generated by org.testng.reporters.JUnitReportReporter -->
<testsuite hostname="DESKTOP-QT6AUMT" failures="0" tests="1" name="ResponseVarifaction.VerifyResponseTimeUsingHamcrestTest" time="2.403" errors="0" timestamp="2022-02-10T19:26:12 IST" skipped="0">
  <testcase classname="ResponseVarifaction.VerifyResponseTimeUsingHamcrestTest" name="verify" time="2.403"/>
  <system-out/>
</testsuite> <!-- ResponseVarifaction.VerifyResponseTimeUsingHamcrestTest -->
