<?xml version="1.0" encoding="UTF-8"?>
<!-- Generated by org.testng.reporters.JUnitReportReporter -->
<testsuite hostname="DESKTOP-QT6AUMT" failures="0" tests="1" name="com.parameters.PataParameterTest" time="2.417" errors="0" timestamp="2022-02-11T15:03:41 IST" skipped="0">
  <testcase classname="com.parameters.PataParameterTest" name="param" time="2.417"/>
  <system-out/>
</testsuite> <!-- com.parameters.PataParameterTest -->
