<?xml version="1.0" encoding="UTF-8"?>
<!-- Generated by org.testng.reporters.JUnitReportReporter -->
<testsuite hostname="DESKTOP-QT6AUMT" failures="0" tests="1" name="com.parameters.ParametersTest" time="4.214" errors="0" timestamp="2022-02-11T14:49:32 IST" skipped="0">
  <testcase classname="com.parameters.ParametersTest" name="params" time="4.214"/>
  <system-out/>
</testsuite> <!-- com.parameters.ParametersTest -->
